[ 2022-04-03T15:38:30+08:00 ] 124.223.181.2 /2020-08-01/74b0cf1568c4c4bb610e7aadb6e4624b/2020080174b0cf1568c4c4bb610e7aadb6e4624b.json
INFO: [ app_init ] --START--
INFO: Run Behavior\BuildLiteBehavior [ RunTime:0.000008s ]
INFO: [ app_init ] --END-- [ RunTime:0.000216s ]
ERR: 无法加载模块:2020-08-01

[ 2022-04-03T15:38:31+08:00 ] 124.223.181.2 /2020-08-01/74b0cf1568c4c4bb610e7aadb6e4624b/2020080174b0cf1568c4c4bb610e7aadb6e4624b.json
INFO: [ app_init ] --START--
INFO: Run Behavior\BuildLiteBehavior [ RunTime:0.000009s ]
INFO: [ app_init ] --END-- [ RunTime:0.000239s ]
ERR: 无法加载模块:2020-08-01

[ 2022-04-03T15:38:32+08:00 ] 124.223.181.2 /2020-08-01/74b0cf1568c4c4bb610e7aadb6e4624b/2020080174b0cf1568c4c4bb610e7aadb6e4624b.json
INFO: [ app_init ] --START--
INFO: Run Behavior\BuildLiteBehavior [ RunTime:0.000009s ]
INFO: [ app_init ] --END-- [ RunTime:0.000212s ]
ERR: 无法加载模块:2020-08-01

[ 2022-04-03T15:39:08+08:00 ] 219.136.174.70 /2020-08-01/74b0cf1568c4c4bb610e7aadb6e4624b/&n=2020080174b0cf1568c4c4bb610e7aadb6e4624b&_=1648971402097
INFO: [ app_init ] --START--
INFO: Run Behavior\BuildLiteBehavior [ RunTime:0.000009s ]
INFO: [ app_init ] --END-- [ RunTime:0.000233s ]
ERR: 无法加载模块:2020-08-01

[ 2022-04-03T15:39:27+08:00 ] 219.136.174.70 /2020-08-01/74b0cf1568c4c4bb610e7aadb6e4624b/&n=2020080174b0cf1568c4c4bb610e7aadb6e4624b&_=1648971402097
INFO: [ app_init ] --START--
INFO: Run Behavior\BuildLiteBehavior [ RunTime:0.000009s ]
INFO: [ app_init ] --END-- [ RunTime:0.000250s ]
ERR: 无法加载模块:2020-08-01

[ 2022-04-03T15:39:28+08:00 ] 219.136.174.70 /2020-08-01/74b0cf1568c4c4bb610e7aadb6e4624b/&n=2020080174b0cf1568c4c4bb610e7aadb6e4624b&_=1648971402097
INFO: [ app_init ] --START--
INFO: Run Behavior\BuildLiteBehavior [ RunTime:0.000010s ]
INFO: [ app_init ] --END-- [ RunTime:0.000242s ]
ERR: 无法加载模块:2020-08-01

[ 2022-04-03T15:39:33+08:00 ] 219.136.174.70 /Uploads/2020-08-01/74b0cf1568c4c4bb610e7aadb6e4624b/&n=2020080174b0cf1568c4c4bb610e7aadb6e4624b&_=1648971402097
INFO: [ app_init ] --START--
INFO: Run Behavior\BuildLiteBehavior [ RunTime:0.000009s ]
INFO: [ app_init ] --END-- [ RunTime:0.000217s ]
ERR: 无法加载模块:Uploads

[ 2022-04-03T15:39:34+08:00 ] 219.136.174.70 /Uploads/2020-08-01/74b0cf1568c4c4bb610e7aadb6e4624b/&n=2020080174b0cf1568c4c4bb610e7aadb6e4624b&_=1648971402097
INFO: [ app_init ] --START--
INFO: Run Behavior\BuildLiteBehavior [ RunTime:0.000010s ]
INFO: [ app_init ] --END-- [ RunTime:0.000248s ]
ERR: 无法加载模块:Uploads

[ 2022-04-03T21:08:36+08:00 ] 124.223.181.2 /Uploadsnullnull.json
INFO: [ app_init ] --START--
INFO: Run Behavior\BuildLiteBehavior [ RunTime:0.000009s ]
INFO: [ app_init ] --END-- [ RunTime:0.000218s ]
ERR: 无法加载模块:Uploadsnullnull

